<?xml version="1.0" encoding="UTF-8"?>
<!-- Generated by org.testng.reporters.JUnitXMLReporter -->
<testsuite hostname="HBADT4950189" ignored="0" name="Amazon Search Testing 2" tests="2" failures="0" timestamp="12 Mar 2021 06:58:27 GMT" time="25.301" errors="0">
  <testcase name="ValidateAmazonTextBox" time="0.504" classname="com.qa.testscripts.AmazonSearchItem"/>
  <testcase name="CheckIfPageLoaded" time="4.945" classname="com.qa.testscripts.AmazonSearchItem"/>
</testsuite> <!-- Amazon Search Testing 2 -->
