<?xml version="1.0" encoding="UTF-8"?>
<!-- Generated by org.testng.reporters.JUnitXMLReporter -->
<testsuite hostname="HBADT4950189" ignored="0" name="Test" tests="2" failures="1" timestamp="29 Jan 2021 13:43:50 GMT" time="15.236" errors="0">
  <testcase name="Login" time="3.048" classname="com.qa.testscripts.NewTourDepartPresentIndia"/>
  <testcase name="checkDepartPresentIndia" time="1.703" classname="com.qa.testscripts.NewTourDepartPresentIndia">
    <failure type="org.openqa.selenium.NoSuchElementException" message="Cannot locate option with value: India
For documentation on this error, please visit: https://www.seleniumhq.org/exceptions/no_such_element.html
Build info: version: &amp;apos;3.141.59&amp;apos;, revision: &amp;apos;e82be7d358&amp;apos;, time: &amp;apos;2018-11-14T08:17:03&amp;apos;
System info: host: &amp;apos;HBADT4950189&amp;apos;, ip: &amp;apos;10.104.66.185&amp;apos;, os.name: &amp;apos;Windows 10&amp;apos;, os.arch: &amp;apos;amd64&amp;apos;, os.version: &amp;apos;10.0&amp;apos;, java.version: &amp;apos;1.8.0_221&amp;apos;
Driver info: driver.version: unknown">
      <![CDATA[org.openqa.selenium.NoSuchElementException: Cannot locate option with value: India
For documentation on this error, please visit: https://www.seleniumhq.org/exceptions/no_such_element.html
Build info: version: '3.141.59', revision: 'e82be7d358', time: '2018-11-14T08:17:03'
System info: host: 'HBADT4950189', ip: '10.104.66.185', os.name: 'Windows 10', os.arch: 'amd64', os.version: '10.0', java.version: '1.8.0_221'
Driver info: driver.version: unknown
at org.openqa.selenium.support.ui.Select.findOptionsByValue(Select.java:283)
at org.openqa.selenium.support.ui.Select.selectByValue(Select.java:186)
at com.qa.pages.NewTourPages.SelectBYValueDepartingCountry(NewTourPages.java:83)
at com.qa.testscripts.NewTourDepartPresentIndia.checkDepartPresentIndia(NewTourDepartPresentIndia.java:68)
... Removed 25 stack frames]]>
    </failure>
  </testcase> <!-- checkDepartPresentIndia -->
</testsuite> <!-- Test -->
